11:11:55 **** Build of configuration Debug for project blink ****
xmake CONFIG=Debug all 
Checking build modules
No build modules used.
xmake[1]: `bin/Debug/blink_Debug.xe' is up to date.
Build Complete
11:12:02 **** Incremental Build of configuration Default for project sdram ****
xmake CONFIG=Default all 
Checking build modules
Using build modules: lib_sdram(3.2.0)
Analyzing sdram.xc
Creating dependencies for sdram.xc
Compiling sdram.xc
Creating sdram.xe
Build Complete
11:13:02 **** Incremental Build of configuration Default for project sdram ****
xmake CONFIG=Default all 
Checking build modules
Using build modules: lib_sdram(3.2.0)
Analyzing sdram.xc
Creating dependencies for sdram.xc
Compiling sdram.xc
Creating sdram.xe
Build Complete
11:15:18 **** Incremental Build of configuration Default for project sdram ****
xmake CONFIG=Default all 
Checking build modules
Using build modules: lib_sdram(3.2.0)
Analyzing sdram.xc
Propagating analysis
Creating dependencies for sdram.xc
Compiling sdram.xc
Compiling client.xc
Compiling server.xc
/Users/simon/Documents/eagle/pbxl/xc/lib_sdram/src/server.xc:251:41: warning: Taking the address of a resource handle, not the actual resource. Passing by (unsafe) value may be a better option [-Wunusual-code]
       sdram_ports ports = {*(unsigned*)&dq_ah, *(unsigned*)&cas,*(unsigned*)&ras, *(unsigned*)&we};
                                        ^~~~~~
/Users/simon/Documents/eagle/pbxl/xc/lib_sdram/src/server.xc:251:61: warning: Taking the address of a resource handle, not the actual resource. Passing by (unsafe) value may be a better option [-Wunusual-code]
       sdram_ports ports = {*(unsigned*)&dq_ah, *(unsigned*)&cas,*(unsigned*)&ras, *(unsigned*)&we};
                                                            ^~~~
/Users/simon/Documents/eagle/pbxl/xc/lib_sdram/src/server.xc:251:78: warning: Taking the address of a resource handle, not the actual resource. Passing by (unsafe) value may be a better option [-Wunusual-code]
       sdram_ports ports = {*(unsigned*)&dq_ah, *(unsigned*)&cas,*(unsigned*)&ras, *(unsigned*)&we};
                                                                             ^~~~
/Users/simon/Documents/eagle/pbxl/xc/lib_sdram/src/server.xc:251:96: warning: Taking the address of a resource handle, not the actual resource. Passing by (unsafe) value may be a better option [-Wunusual-code]
       sdram_ports ports = {*(unsigned*)&dq_ah, *(unsigned*)&cas,*(unsigned*)&ras, *(unsigned*)&we};
                                                                                               ^~~
/Users/simon/Documents/eagle/pbxl/xc/lib_sdram/src/server.xc:280:42: warning: Taking the address of a resource handle, not the actual resource. Passing by (unsafe) value may be a better option [-Wunusual-code]
        sdram_ports ports = {*(unsigned*)&dq_ah, *(unsigned*)&cas,*(unsigned*)&ras, *(unsigned*)&we};
                                         ^~~~~~
/Users/simon/Documents/eagle/pbxl/xc/lib_sdram/src/server.xc:280:62: warning: Taking the address of a resource handle, not the actual resource. Passing by (unsafe) value may be a better option [-Wunusual-code]
        sdram_ports ports = {*(unsigned*)&dq_ah, *(unsigned*)&cas,*(unsigned*)&ras, *(unsigned*)&we};
                                                             ^~~~
/Users/simon/Documents/eagle/pbxl/xc/lib_sdram/src/server.xc:280:79: warning: Taking the address of a resource handle, not the actual resource. Passing by (unsafe) value may be a better option [-Wunusual-code]
        sdram_ports ports = {*(unsigned*)&dq_ah, *(unsigned*)&cas,*(unsigned*)&ras, *(unsigned*)&we};
                                                                              ^~~~
/Users/simon/Documents/eagle/pbxl/xc/lib_sdram/src/server.xc:280:97: warning: Taking the address of a resource handle, not the actual resource. Passing by (unsafe) value may be a better option [-Wunusual-code]
        sdram_ports ports = {*(unsigned*)&dq_ah, *(unsigned*)&cas,*(unsigned*)&ras, *(unsigned*)&we};
                                                                                                ^~~
Creating sdram.xe
Build Complete
11:19:14 **** Incremental Build of configuration Default for project sdram ****
xmake CONFIG=Default all 
Checking build modules
Using build modules: lib_sdram(3.2.0)
Analyzing sdram.xc
Propagating analysis
Creating dependencies for sdram.xc
Compiling sdram.xc
Compiling client.xc
Compiling server.xc
/Users/simon/Documents/eagle/pbxl/xc/lib_sdram/src/server.xc:251:41: warning: Taking the address of a resource handle, not the actual resource. Passing by (unsafe) value may be a better option [-Wunusual-code]
       sdram_ports ports = {*(unsigned*)&dq_ah, *(unsigned*)&cas,*(unsigned*)&ras, *(unsigned*)&we};
                                        ^~~~~~
/Users/simon/Documents/eagle/pbxl/xc/lib_sdram/src/server.xc:251:61: warning: Taking the address of a resource handle, not the actual resource. Passing by (unsafe) value may be a better option [-Wunusual-code]
       sdram_ports ports = {*(unsigned*)&dq_ah, *(unsigned*)&cas,*(unsigned*)&ras, *(unsigned*)&we};
                                                            ^~~~
/Users/simon/Documents/eagle/pbxl/xc/lib_sdram/src/server.xc:251:78: warning: Taking the address of a resource handle, not the actual resource. Passing by (unsafe) value may be a better option [-Wunusual-code]
       sdram_ports ports = {*(unsigned*)&dq_ah, *(unsigned*)&cas,*(unsigned*)&ras, *(unsigned*)&we};
                                                                             ^~~~
/Users/simon/Documents/eagle/pbxl/xc/lib_sdram/src/server.xc:251:96: warning: Taking the address of a resource handle, not the actual resource. Passing by (unsafe) value may be a better option [-Wunusual-code]
       sdram_ports ports = {*(unsigned*)&dq_ah, *(unsigned*)&cas,*(unsigned*)&ras, *(unsigned*)&we};
                                                                                               ^~~
/Users/simon/Documents/eagle/pbxl/xc/lib_sdram/src/server.xc:280:42: warning: Taking the address of a resource handle, not the actual resource. Passing by (unsafe) value may be a better option [-Wunusual-code]
        sdram_ports ports = {*(unsigned*)&dq_ah, *(unsigned*)&cas,*(unsigned*)&ras, *(unsigned*)&we};
                                         ^~~~~~
/Users/simon/Documents/eagle/pbxl/xc/lib_sdram/src/server.xc:280:62: warning: Taking the address of a resource handle, not the actual resource. Passing by (unsafe) value may be a better option [-Wunusual-code]
        sdram_ports ports = {*(unsigned*)&dq_ah, *(unsigned*)&cas,*(unsigned*)&ras, *(unsigned*)&we};
                                                             ^~~~
/Users/simon/Documents/eagle/pbxl/xc/lib_sdram/src/server.xc:280:79: warning: Taking the address of a resource handle, not the actual resource. Passing by (unsafe) value may be a better option [-Wunusual-code]
        sdram_ports ports = {*(unsigned*)&dq_ah, *(unsigned*)&cas,*(unsigned*)&ras, *(unsigned*)&we};
                                                                              ^~~~
/Users/simon/Documents/eagle/pbxl/xc/lib_sdram/src/server.xc:280:97: warning: Taking the address of a resource handle, not the actual resource. Passing by (unsafe) value may be a better option [-Wunusual-code]
        sdram_ports ports = {*(unsigned*)&dq_ah, *(unsigned*)&cas,*(unsigned*)&ras, *(unsigned*)&we};
                                                                                                ^~~
Creating sdram.xe
Build Complete
12:15:06 **** Build of configuration Debug for project blink ****
xmake CONFIG=Debug all 
Checking build modules
No build modules used.
xmake[1]: `bin/Debug/blink_Debug.xe' is up to date.
Build Complete
12:15:07 **** Build of configuration Default for project mon6 ****
xmake CONFIG=Default all 
Checking build modules
No build modules used.
Analyzing mon6.xc
../src/mon6.xc:19:5: error: use of undeclared identifer `uint8_t'
    uint8_t data;
    ^
../src/mon6.xc:19:13: error: parse error before "data"
    uint8_t data;
            ^
../src/mon6.xc:20:13: error: parse error before "tmp"
    uint8_t tmp;
            ^
../src/mon6.xc:27:40: error: use of undeclared identifer `x'
            case clk when pinseq(0) :> x:
                                       ^
../src/mon6.xc:32:17: error: use of undeclared identifer `tmp'
        dbus :> tmp;        // make the data-bus be in input mode
                ^
../src/mon6.xc:33:17: error: input destination must be an lvalue
        ext  :> 0x00;       // We're not triggering EXTSEL just yet
                ^~~~
../src/mon6.xc:33:9: error: incompatible type in input destination
        ext  :> 0x00;       // We're not triggering EXTSEL just yet
        ^~~~~~~~~~~~
../src/mon6.xc:36:9: error: use of undeclared identifer `uint32_t'
        uint32_t start, end;
        ^
../src/mon6.xc:36:18: error: parse error before "start"
        uint32_t start, end;
                 ^
../src/mon6.xc:37:14: error: use of undeclared identifer `start'
        t :> start;
             ^
../src/mon6.xc:38:9: error: use of undeclared identifer `end'
        end = start + 177;
        ^
../src/mon6.xc:46:9: error: use of undeclared identifer `uint16_t'
        uint16_t address;
        ^
../src/mon6.xc:46:18: error: parse error before "address"
        uint16_t address;
                 ^
../src/mon6.xc:47:16: error: use of undeclared identifer `address'
        adr :> address;
               ^
../src/mon6.xc:56:21: error: parse error before "sigs"
            uint8_t sigs;
                    ^
../src/mon6.xc:57:24: error: use of undeclared identifer `sigs'
            signals :> sigs;
                       ^
../src/mon6.xc:60:26: error: invalid operands to binary &
            if ((signals & 0x2) == 0)
                ~~~~~~~~~^~~~~~
../src/mon6.xc:72:25: error: use of undeclared identifer `data'
                dbus :> data;
                        ^
../src/mon6.xc:77:26: warning: variable will be promoted to word size before output (suggest explicit cast to word size) [-Wunusual-code]
                dbus <: (data + 2);
                         ^~~~
../src/mon6.xc:81:5: warning: control reaches end of non-void function [-Wreturn-type]
    }
    ^
xmake[1]: *** [.build/src/mon6.xc.pca.xml.decouple] Error 1
xmake: *** [analyze] Error 2
12:15:22 **** Incremental Build of configuration Debug for project blink ****
xmake CONFIG=Debug all 
Checking build modules
No build modules used.
xmake[1]: `bin/Debug/blink_Debug.xe' is up to date.
Build Complete
12:15:23 **** Incremental Build of configuration Default for project mon6 ****
xmake CONFIG=Default all 
Checking build modules
No build modules used.
Analyzing mon6.xc
../src/mon6.xc:28:40: error: use of undeclared identifer `x'
            case clk when pinseq(0) :> x:
                                       ^
../src/mon6.xc:34:17: error: input destination must be an lvalue
        ext  :> 0x00;       // We're not triggering EXTSEL just yet
                ^~~~
../src/mon6.xc:34:9: error: incompatible type in input destination
        ext  :> 0x00;       // We're not triggering EXTSEL just yet
        ^~~~~~~~~~~~
../src/mon6.xc:61:26: error: invalid operands to binary &
            if ((signals & 0x2) == 0)
                ~~~~~~~~~^~~~~~
../src/mon6.xc:78:26: warning: variable will be promoted to word size before output (suggest explicit cast to word size) [-Wunusual-code]
                dbus <: (data + 2);
                         ^~~~
../src/mon6.xc:82:5: warning: control reaches end of non-void function [-Wreturn-type]
    }
    ^
xmake[1]: *** [.build/src/mon6.xc.pca.xml.decouple] Error 1
xmake: *** [analyze] Error 2
12:15:44 **** Incremental Build of configuration Debug for project blink ****
xmake CONFIG=Debug all 
Checking build modules
No build modules used.
xmake[1]: `bin/Debug/blink_Debug.xe' is up to date.
Build Complete
12:15:44 **** Incremental Build of configuration Default for project mon6 ****
xmake CONFIG=Default all 
Checking build modules
No build modules used.
Analyzing mon6.xc
../src/mon6.xc:34:17: error: input destination must be an lvalue
        ext  :> 0x00;       // We're not triggering EXTSEL just yet
                ^~~~
../src/mon6.xc:34:9: error: incompatible type in input destination
        ext  :> 0x00;       // We're not triggering EXTSEL just yet
        ^~~~~~~~~~~~
../src/mon6.xc:61:26: error: invalid operands to binary &
            if ((signals & 0x2) == 0)
                ~~~~~~~~~^~~~~~
../src/mon6.xc:78:26: warning: variable will be promoted to word size before output (suggest explicit cast to word size) [-Wunusual-code]
                dbus <: (data + 2);
                         ^~~~
../src/mon6.xc:82:5: warning: control reaches end of non-void function [-Wreturn-type]
    }
    ^
xmake[1]: *** [.build/src/mon6.xc.pca.xml.decouple] Error 1
xmake: *** [analyze] Error 2
12:16:11 **** Incremental Build of configuration Debug for project blink ****
xmake CONFIG=Debug all 
Checking build modules
No build modules used.
xmake[1]: `bin/Debug/blink_Debug.xe' is up to date.
Build Complete
12:16:12 **** Incremental Build of configuration Default for project mon6 ****
xmake CONFIG=Default all 
Checking build modules
No build modules used.
Analyzing mon6.xc
../src/mon6.xc:61:26: error: invalid operands to binary &
            if ((signals & 0x2) == 0)
                ~~~~~~~~~^~~~~~
../src/mon6.xc:78:26: warning: variable will be promoted to word size before output (suggest explicit cast to word size) [-Wunusual-code]
                dbus <: (data + 2);
                         ^~~~
../src/mon6.xc:82:5: warning: control reaches end of non-void function [-Wreturn-type]
    }
    ^
xmake[1]: *** [.build/src/mon6.xc.pca.xml.decouple] Error 1
xmake: *** [analyze] Error 2
12:16:25 **** Incremental Build of configuration Debug for project blink ****
xmake CONFIG=Debug all 
Checking build modules
No build modules used.
xmake[1]: `bin/Debug/blink_Debug.xe' is up to date.
Build Complete
12:16:26 **** Incremental Build of configuration Default for project mon6 ****
xmake CONFIG=Default all 
Checking build modules
No build modules used.
Analyzing mon6.xc
../src/mon6.xc:78:26: warning: variable will be promoted to word size before output (suggest explicit cast to word size) [-Wunusual-code]
                dbus <: (data + 2);
                         ^~~~
../src/mon6.xc:82:5: warning: control reaches end of non-void function [-Wreturn-type]
    }
    ^
Propagating analysis
Creating dependencies for mon6.xc
Compiling mon6.xc
../src/mon6.xc:78:26: warning: variable will be promoted to word size before output (suggest explicit cast to word size) [-Wunusual-code]
                dbus <: (data + 2);
                         ^~~~
../src/mon6.xc:82:5: warning: control reaches end of non-void function [-Wreturn-type]
    }
    ^
Creating mon6.xe
Build Complete
12:16:48 **** Incremental Build of configuration Debug for project blink ****
xmake CONFIG=Debug all 
Checking build modules
No build modules used.
xmake[1]: `bin/Debug/blink_Debug.xe' is up to date.
Build Complete
12:16:49 **** Incremental Build of configuration Default for project mon6 ****
xmake CONFIG=Default all 
Checking build modules
No build modules used.
Analyzing mon6.xc
../src/mon6.xc:82:5: warning: control reaches end of non-void function [-Wreturn-type]
    }
    ^
Creating dependencies for mon6.xc
Compiling mon6.xc
../src/mon6.xc:82:5: warning: control reaches end of non-void function [-Wreturn-type]
    }
    ^
Creating mon6.xe
Build Complete
12:17:07 **** Incremental Build of configuration Debug for project blink ****
xmake CONFIG=Debug all 
Checking build modules
No build modules used.
xmake[1]: `bin/Debug/blink_Debug.xe' is up to date.
Build Complete
12:17:08 **** Incremental Build of configuration Default for project mon6 ****
xmake CONFIG=Default all 
Checking build modules
No build modules used.
Analyzing mon6.xc
../src/mon6.xc:78:26: warning: variable will be promoted to word size before output (suggest explicit cast to word size) [-Wunusual-code]
                dbus <: (data + 2);
                         ^~~~
../src/mon6.xc:82:5: warning: control reaches end of non-void function [-Wreturn-type]
    }
    ^
Creating dependencies for mon6.xc
Compiling mon6.xc
../src/mon6.xc:78:26: warning: variable will be promoted to word size before output (suggest explicit cast to word size) [-Wunusual-code]
                dbus <: (data + 2);
                         ^~~~
../src/mon6.xc:82:5: warning: control reaches end of non-void function [-Wreturn-type]
    }
    ^
Creating mon6.xe
Build Complete
12:17:34 **** Incremental Build of configuration Debug for project blink ****
xmake CONFIG=Debug all 
Checking build modules
No build modules used.
xmake[1]: `bin/Debug/blink_Debug.xe' is up to date.
Build Complete
12:17:35 **** Incremental Build of configuration Default for project mon6 ****
xmake CONFIG=Default all 
Checking build modules
No build modules used.
Analyzing mon6.xc
Propagating analysis
Creating dependencies for mon6.xc
Compiling mon6.xc
Creating mon6.xe
Build Complete
12:17:51 **** Incremental Build of configuration Debug for project blink ****
xmake CONFIG=Debug all 
Checking build modules
No build modules used.
xmake[1]: `bin/Debug/blink_Debug.xe' is up to date.
Build Complete
12:17:52 **** Incremental Build of configuration Default for project mon6 ****
xmake CONFIG=Default all 
Checking build modules
No build modules used.
Analyzing mon6.xc
Creating dependencies for mon6.xc
Compiling mon6.xc
Creating mon6.xe
Build Complete
12:18:13 **** Incremental Build of configuration Debug for project blink ****
xmake CONFIG=Debug all 
Checking build modules
No build modules used.
xmake[1]: `bin/Debug/blink_Debug.xe' is up to date.
Build Complete
12:18:13 **** Incremental Build of configuration Default for project mon6 ****
xmake CONFIG=Default all 
Checking build modules
No build modules used.
Analyzing mon6.xc
Creating dependencies for mon6.xc
Compiling mon6.xc
Creating mon6.xe
Build Complete
12:19:52 **** Incremental Build of configuration Debug for project blink ****
xmake CONFIG=Debug all 
Checking build modules
No build modules used.
xmake[1]: `bin/Debug/blink_Debug.xe' is up to date.
Build Complete
12:19:52 **** Incremental Build of configuration Default for project mon6 ****
xmake CONFIG=Default all 
Checking build modules
No build modules used.
Compiling mon6.xc
Creating mon6.xe
Build Complete
12:53:28 **** Incremental Build of configuration Debug for project blink ****
xmake CONFIG=Debug all 
Checking build modules
No build modules used.
xmake[1]: `bin/Debug/blink_Debug.xe' is up to date.
Build Complete
12:53:29 **** Incremental Build of configuration Default for project mon6 ****
xmake CONFIG=Default all 
Checking build modules
No build modules used.
Analyzing mon6.xc
Propagating analysis
Creating dependencies for mon6.xc
Compiling mon6.xc
Creating mon6.xe
Build Complete
14:52:11 **** Incremental Build of configuration Debug for project blink ****
xmake CONFIG=Debug all 
Checking build modules
No build modules used.
xmake[1]: `bin/Debug/blink_Debug.xe' is up to date.
Build Complete
14:52:12 **** Incremental Build of configuration Default for project mon6 ****
xmake CONFIG=Default all 
Checking build modules
No build modules used.
Analyzing mon6.xc
Propagating analysis
Creating dependencies for mon6.xc
Compiling mon6.xc
Creating mon6.xe
Build Complete
14:07:22 **** Incremental Build of configuration Debug for project blink ****
xmake CONFIG=Debug all 
Checking build modules
No build modules used.
xmake[1]: `bin/Debug/blink_Debug.xe' is up to date.
Build Complete
14:07:22 **** Incremental Build of configuration Default for project mon6 ****
xmake CONFIG=Default all 
Checking build modules
No build modules used.
Analyzing mon6.xc
../src/mon6.xc:55:17: error: use of undeclared identifer `tmp'
        dbus :> tmp;        // make the data-bus be in input mode
                ^
xmake[1]: *** [.build/src/mon6.xc.pca.xml.decouple] Error 1
xmake: *** [analyze] Error 2
14:07:34 **** Incremental Build of configuration Debug for project blink ****
xmake CONFIG=Debug all 
Checking build modules
No build modules used.
xmake[1]: `bin/Debug/blink_Debug.xe' is up to date.
Build Complete
14:07:35 **** Incremental Build of configuration Default for project mon6 ****
xmake CONFIG=Default all 
Checking build modules
No build modules used.
Analyzing mon6.xc
Propagating analysis
Creating dependencies for mon6.xc
Compiling mon6.xc
Creating mon6.xe
Build Complete
14:08:21 **** Incremental Build of configuration Debug for project blink ****
xmake CONFIG=Debug all 
Checking build modules
No build modules used.
xmake[1]: `bin/Debug/blink_Debug.xe' is up to date.
Build Complete
14:08:22 **** Incremental Build of configuration Default for project mon6 ****
xmake CONFIG=Default all 
Checking build modules
No build modules used.
Analyzing mon6.xc
Creating dependencies for mon6.xc
Compiling mon6.xc
Creating mon6.xe
Build Complete
14:08:56 **** Incremental Build of configuration Debug for project blink ****
xmake CONFIG=Debug all 
Checking build modules
No build modules used.
xmake[1]: `bin/Debug/blink_Debug.xe' is up to date.
Build Complete
14:08:57 **** Incremental Build of configuration Default for project mon6 ****
xmake CONFIG=Default all 
Checking build modules
No build modules used.
Analyzing mon6.xc
Creating dependencies for mon6.xc
Compiling mon6.xc
Creating mon6.xe
Build Complete
14:09:40 **** Incremental Build of configuration Debug for project blink ****
xmake CONFIG=Debug all 
Checking build modules
No build modules used.
xmake[1]: `bin/Debug/blink_Debug.xe' is up to date.
Build Complete
14:09:41 **** Incremental Build of configuration Default for project mon6 ****
xmake CONFIG=Default all 
Checking build modules
No build modules used.
Analyzing mon6.xc
Creating dependencies for mon6.xc
Compiling mon6.xc
Creating mon6.xe
Build Complete
14:33:48 **** Incremental Build of configuration Debug for project blink ****
xmake CONFIG=Debug all 
Checking build modules
No build modules used.
xmake[1]: `bin/Debug/blink_Debug.xe' is up to date.
Build Complete
14:33:49 **** Incremental Build of configuration Default for project mon6 ****
xmake CONFIG=Default all 
Checking build modules
No build modules used.
Analyzing mon6.xc
../src/mon6.xc:60:14: error: use of undeclared identifer `address'
        if ((address >> 8) == 0x6)
             ^
xmake[1]: *** [.build/src/mon6.xc.pca.xml.decouple] Error 1
xmake: *** [analyze] Error 2
14:34:44 **** Incremental Build of configuration Debug for project blink ****
xmake CONFIG=Debug all 
Checking build modules
No build modules used.
xmake[1]: `bin/Debug/blink_Debug.xe' is up to date.
Build Complete
14:34:45 **** Incremental Build of configuration Default for project mon6 ****
xmake CONFIG=Default all 
Checking build modules
No build modules used.
Analyzing mon6.xc
../src/mon6.xc:45:9: error: use of undeclared identifer `clk'
        clk when pinsneq(1) :> void;
        ^
../src/mon6.xc:51:9: error: use of undeclared identifer `dbus'
        dbus :> uint8_t tmp;    // make the data-bus be in input mode
        ^
../src/mon6.xc:52:9: error: use of undeclared identifer `ext'
        ext  <: 0x03;           // We're not triggering EXTSEL/MPD just yet
        ^
../src/mon6.xc:58:9: error: use of undeclared identifer `adr'
        adr :> address;
        ^
../src/mon6.xc:68:13: error: use of undeclared identifer `signals'
            signals :> sigs;
            ^
xmake[1]: *** [.build/src/mon6.xc.pca.xml.decouple] Error 1
xmake: *** [analyze] Error 2
14:35:29 **** Incremental Build of configuration Debug for project blink ****
xmake CONFIG=Debug all 
Checking build modules
No build modules used.
xmake[1]: `bin/Debug/blink_Debug.xe' is up to date.
Build Complete
14:35:30 **** Incremental Build of configuration Default for project mon6 ****
xmake CONFIG=Default all 
Checking build modules
No build modules used.
Analyzing mon6.xc
../src/mon6.xc:51:9: error: use of undeclared identifer `dbus'
        dbus :> uint8_t tmp;    // make the data-bus be in input mode
        ^
../src/mon6.xc:52:9: error: use of undeclared identifer `ext'
        ext  <: 0x03;           // We're not triggering EXTSEL/MPD just yet
        ^
../src/mon6.xc:55:27: error: use of undeclared identifer `clocklow'
        t when timerafter(clocklow + 157) :> void;
                          ^
/Applications/XMOS_xTIMEcomposer_Community_14.3.3/target/include/xs1.h:1710:69: note: expanded from macro 'timerafter'
#define timerafter(val)                       __builtin_timer_after(val)
                                                                    ^
../src/mon6.xc:58:9: error: use of undeclared identifer `adr'
        adr :> address;
        ^
../src/mon6.xc:58:16: error: use of undeclared identifer `address'
        adr :> address;
               ^
../src/mon6.xc:68:13: error: use of undeclared identifer `signals'
            signals :> sigs;
            ^
../src/mon6.xc:38:14: warning: unused variable `addr' [-Wunused-variable]
    uint16_t addr;
             ^~~~
xmake[1]: *** [.build/src/mon6.xc.pca.xml.decouple] Error 1
xmake: *** [analyze] Error 2
14:36:07 **** Incremental Build of configuration Debug for project blink ****
xmake CONFIG=Debug all 
Checking build modules
No build modules used.
xmake[1]: `bin/Debug/blink_Debug.xe' is up to date.
Build Complete
14:36:08 **** Incremental Build of configuration Default for project mon6 ****
xmake CONFIG=Default all 
Checking build modules
No build modules used.
Analyzing mon6.xc
../src/mon6.xc:58:9: error: use of undeclared identifer `adr'
        adr :> address;
        ^
../src/mon6.xc:58:16: error: use of undeclared identifer `address'
        adr :> address;
               ^
../src/mon6.xc:64:13: error: use of undeclared identifer `ext'
            ext <: 0x01;
            ^
../src/mon6.xc:68:13: error: use of undeclared identifer `signals'
            signals :> sigs;
            ^
../src/mon6.xc:79:35: error: use of undeclared identifer `clocklow'
                t when timerafter(clocklow + 482) :> void;
                                  ^
/Applications/XMOS_xTIMEcomposer_Community_14.3.3/target/include/xs1.h:1710:69: note: expanded from macro 'timerafter'
#define timerafter(val)                       __builtin_timer_after(val)
                                                                    ^
../src/mon6.xc:82:17: error: use of undeclared identifer `dbus'
                dbus :> data;
                ^
../src/mon6.xc:38:14: warning: unused variable `addr' [-Wunused-variable]
    uint16_t addr;
             ^~~~
xmake[1]: *** [.build/src/mon6.xc.pca.xml.decouple] Error 1
xmake: *** [analyze] Error 2
14:37:18 **** Incremental Build of configuration Debug for project blink ****
xmake CONFIG=Debug all 
Checking build modules
No build modules used.
xmake[1]: `bin/Debug/blink_Debug.xe' is up to date.
Build Complete
14:37:19 **** Incremental Build of configuration Default for project mon6 ****
xmake CONFIG=Default all 
Checking build modules
No build modules used.
Analyzing mon6.xc
../src/mon6.xc:73:18: error: use of undeclared identifer `sigs'
            if ((sigs & 0x2) == 0)
                 ^
../src/mon6.xc:76:35: error: use of undeclared identifer `clocklow'
                t when timerafter(clocklow + 482) :> void;
                                  ^
/Applications/XMOS_xTIMEcomposer_Community_14.3.3/target/include/xs1.h:1710:69: note: expanded from macro 'timerafter'
#define timerafter(val)                       __builtin_timer_after(val)
                                                                    ^
../src/mon6.xc:79:17: error: use of undeclared identifer `dbus'
                dbus :> data;
                ^
xmake[1]: *** [.build/src/mon6.xc.pca.xml.decouple] Error 1
xmake: *** [analyze] Error 2
14:38:40 **** Incremental Build of configuration Debug for project blink ****
xmake CONFIG=Debug all 
Checking build modules
No build modules used.
xmake[1]: `bin/Debug/blink_Debug.xe' is up to date.
Build Complete
14:38:41 **** Incremental Build of configuration Default for project mon6 ****
xmake CONFIG=Default all 
Checking build modules
No build modules used.
Analyzing mon6.xc
../src/mon6.xc:82:17: error: use of undeclared identifer `dbus'
                dbus :> data;
                ^
../src/mon6.xc:92:35: error: use of undeclared identifer `clocklow'
                t when timerafter(clocklow + 300) :> void;
                                  ^
/Applications/XMOS_xTIMEcomposer_Community_14.3.3/target/include/xs1.h:1710:69: note: expanded from macro 'timerafter'
#define timerafter(val)                       __builtin_timer_after(val)
                                                                    ^
xmake[1]: *** [.build/src/mon6.xc.pca.xml.decouple] Error 1
xmake: *** [analyze] Error 2
14:38:54 **** Incremental Build of configuration Debug for project blink ****
xmake CONFIG=Debug all 
Checking build modules
No build modules used.
xmake[1]: `bin/Debug/blink_Debug.xe' is up to date.
Build Complete
14:38:55 **** Incremental Build of configuration Default for project mon6 ****
xmake CONFIG=Default all 
Checking build modules
No build modules used.
Analyzing mon6.xc
../src/mon6.xc:92:35: error: use of undeclared identifer `clocklow'
                t when timerafter(clocklow + 300) :> void;
                                  ^
/Applications/XMOS_xTIMEcomposer_Community_14.3.3/target/include/xs1.h:1710:69: note: expanded from macro 'timerafter'
#define timerafter(val)                       __builtin_timer_after(val)
                                                                    ^
../src/mon6.xc:94:17: error: use of undeclared identifer `dbus'
                dbus <: value;
                ^
xmake[1]: *** [.build/src/mon6.xc.pca.xml.decouple] Error 1
xmake: *** [analyze] Error 2
14:43:20 **** Incremental Build of configuration Debug for project blink ****
xmake CONFIG=Debug all 
Checking build modules
No build modules used.
xmake[1]: `bin/Debug/blink_Debug.xe' is up to date.
Build Complete
14:43:21 **** Incremental Build of configuration Default for project mon6 ****
xmake CONFIG=Default all 
Checking build modules
No build modules used.
Analyzing mon6.xc
../src/mon6.xc:94:17: error: use of undeclared identifer `dbus'
                dbus <: value;
                ^
xmake[1]: *** [.build/src/mon6.xc.pca.xml.decouple] Error 1
xmake: *** [analyze] Error 2
14:43:29 **** Incremental Build of configuration Debug for project blink ****
xmake CONFIG=Debug all 
Checking build modules
No build modules used.
xmake[1]: `bin/Debug/blink_Debug.xe' is up to date.
Build Complete
14:43:30 **** Incremental Build of configuration Default for project mon6 ****
xmake CONFIG=Default all 
Checking build modules
No build modules used.
Analyzing mon6.xc
Propagating analysis
Creating dependencies for mon6.xc
Compiling mon6.xc
Creating mon6.xe
Build Complete
14:44:25 **** Incremental Build of configuration Debug for project blink ****
xmake CONFIG=Debug all 
Checking build modules
No build modules used.
xmake[1]: `bin/Debug/blink_Debug.xe' is up to date.
Build Complete
14:44:26 **** Incremental Build of configuration Default for project mon6 ****
xmake CONFIG=Default all 
Checking build modules
No build modules used.
Analyzing mon6.xc
Creating dependencies for mon6.xc
Compiling mon6.xc
Creating mon6.xe
Build Complete
14:44:51 **** Incremental Build of configuration Debug for project blink ****
xmake CONFIG=Debug all 
Checking build modules
No build modules used.
xmake[1]: `bin/Debug/blink_Debug.xe' is up to date.
Build Complete
14:44:51 **** Incremental Build of configuration Default for project mon6 ****
xmake CONFIG=Default all 
Checking build modules
No build modules used.
Analyzing mon6.xc
Creating dependencies for mon6.xc
Compiling mon6.xc
Creating mon6.xe
Build Complete
